<?xml version="1.0" encoding="UTF-8"?>
<!-- Generated by org.testng.reporters.JUnitXMLReporter -->
<testsuite hostname="mnsk34" name="Default test" tests="4" failures="0" timestamp="6 Jun 2014 11:53:56 GMT" time="25.291" errors="0">
  <testcase name="getPersonTestValidNumber" time="9.405" classname="com.autotetsting.framework.smoke.SmokeTests"/>
  <testcase name="validatePersonValidData" time="5.696" classname="com.autotetsting.framework.smoke.SmokeTests"/>
  <testcase name="getPersonNumberValidData" time="4.555" classname="com.autotetsting.framework.smoke.SmokeTests"/>
  <testcase name="getSalaryValidData" time="5.618" classname="com.autotetsting.framework.smoke.SmokeTests"/>
</testsuite> <!-- Default test -->
